DEB [20210427-12:02:10.243] thr=1   paramiko.transport: starting thread (client mode): 0xbb430e80
DEB [20210427-12:02:10.243] thr=1   paramiko.transport: Local version/idstring: SSH-2.0-paramiko_2.7.2
DEB [20210427-12:02:10.249] thr=1   paramiko.transport: Remote version/idstring: SSH-2.0-OpenSSH_7.4
INF [20210427-12:02:10.249] thr=1   paramiko.transport: Connected (version 2.0, client OpenSSH_7.4)
DEB [20210427-12:02:10.254] thr=1   paramiko.transport: kex algos:['curve25519-sha256', 'curve25519-sha256@libssh.org', 'ecdh-sha2-nistp256', 'ecdh-sha2-nistp384', 'ecdh-sha2-nistp521', 'diffie-hellman-group-exchange-sha256', 'diffie-hellman-group16-sha512', 'diffie-hellman-group18-sha512', 'diffie-hellman-group-exchange-sha1', 'diffie-hellman-group14-sha256', 'diffie-hellman-group14-sha1', 'diffie-hellman-group1-sha1'] server key:['ssh-rsa', 'rsa-sha2-512', 'rsa-sha2-256', 'ecdsa-sha2-nistp256', 'ssh-ed25519'] client encrypt:['aes128-ctr', 'aes192-ctr', 'aes256-ctr', 'aes128-gcm@openssh.com', 'aes256-gcm@openssh.com', 'chacha20-poly1305@openssh.com'] server encrypt:['aes128-ctr', 'aes192-ctr', 'aes256-ctr', 'aes128-gcm@openssh.com', 'aes256-gcm@openssh.com', 'chacha20-poly1305@openssh.com'] client mac:['umac-64-etm@openssh.com', 'umac-128-etm@openssh.com', 'hmac-sha2-256-etm@openssh.com', 'hmac-sha2-512-etm@openssh.com', 'hmac-sha1-etm@openssh.com', 'umac-64@openssh.com', 'umac-128@openssh.com', 'hmac-sha2-256', 'hmac-sha2-512', 'hmac-sha1'] server mac:['umac-64-etm@openssh.com', 'umac-128-etm@openssh.com', 'hmac-sha2-256-etm@openssh.com', 'hmac-sha2-512-etm@openssh.com', 'hmac-sha1-etm@openssh.com', 'umac-64@openssh.com', 'umac-128@openssh.com', 'hmac-sha2-256', 'hmac-sha2-512', 'hmac-sha1'] client compress:['none', 'zlib@openssh.com'] server compress:['none', 'zlib@openssh.com'] client lang:[''] server lang:[''] kex follows?False
DEB [20210427-12:02:10.254] thr=1   paramiko.transport: Kex agreed: curve25519-sha256@libssh.org
DEB [20210427-12:02:10.254] thr=1   paramiko.transport: HostKey agreed: ssh-ed25519
DEB [20210427-12:02:10.255] thr=1   paramiko.transport: Cipher agreed: aes128-ctr
DEB [20210427-12:02:10.255] thr=1   paramiko.transport: MAC agreed: hmac-sha2-256
DEB [20210427-12:02:10.255] thr=1   paramiko.transport: Compression agreed: none
DEB [20210427-12:02:10.268] thr=1   paramiko.transport: kex engine KexCurve25519 specified hash_algo <built-in function openssl_sha256>
DEB [20210427-12:02:10.268] thr=1   paramiko.transport: Switch to new keys ...
DEB [20210427-12:02:13.088] thr=1   paramiko.transport: userauth is OK
INF [20210427-12:02:13.136] thr=1   paramiko.transport: Authentication (publickey) successful!
DEB [20210427-12:02:13.137] thr=2   paramiko.transport: [chan 0] Max packet in: 32768 bytes
DEB [20210427-12:02:13.153] thr=1   paramiko.transport: Received global request "hostkeys-00@openssh.com"
DEB [20210427-12:02:13.153] thr=1   paramiko.transport: Rejecting "hostkeys-00@openssh.com" global request from server.
DEB [20210427-12:02:13.192] thr=1   paramiko.transport: [chan 0] Max packet out: 32768 bytes
DEB [20210427-12:02:13.192] thr=1   paramiko.transport: Secsh channel 0 opened.
DEB [20210427-12:02:13.194] thr=1   paramiko.transport: [chan 0] Sesch channel 0 request ok
DEB [20210427-12:02:13.196] thr=1   paramiko.transport: [chan 0] Sesch channel 0 request ok
DEB [20210427-12:02:36.541] thr=1   paramiko.transport: [chan 0] EOF received (0)
DEB [20210427-12:02:36.542] thr=2   paramiko.transport: [chan 0] EOF sent (0)
DEB [20210427-12:12:48.325] thr=1   paramiko.transport: starting thread (client mode): 0x2a90048
DEB [20210427-12:12:48.325] thr=1   paramiko.transport: Local version/idstring: SSH-2.0-paramiko_2.7.2
DEB [20210427-12:12:48.331] thr=1   paramiko.transport: Remote version/idstring: SSH-2.0-OpenSSH_7.4
INF [20210427-12:12:48.331] thr=1   paramiko.transport: Connected (version 2.0, client OpenSSH_7.4)
DEB [20210427-12:12:48.336] thr=1   paramiko.transport: kex algos:['curve25519-sha256', 'curve25519-sha256@libssh.org', 'ecdh-sha2-nistp256', 'ecdh-sha2-nistp384', 'ecdh-sha2-nistp521', 'diffie-hellman-group-exchange-sha256', 'diffie-hellman-group16-sha512', 'diffie-hellman-group18-sha512', 'diffie-hellman-group-exchange-sha1', 'diffie-hellman-group14-sha256', 'diffie-hellman-group14-sha1', 'diffie-hellman-group1-sha1'] server key:['ssh-rsa', 'rsa-sha2-512', 'rsa-sha2-256', 'ecdsa-sha2-nistp256', 'ssh-ed25519'] client encrypt:['aes128-ctr', 'aes192-ctr', 'aes256-ctr', 'aes128-gcm@openssh.com', 'aes256-gcm@openssh.com', 'chacha20-poly1305@openssh.com'] server encrypt:['aes128-ctr', 'aes192-ctr', 'aes256-ctr', 'aes128-gcm@openssh.com', 'aes256-gcm@openssh.com', 'chacha20-poly1305@openssh.com'] client mac:['umac-64-etm@openssh.com', 'umac-128-etm@openssh.com', 'hmac-sha2-256-etm@openssh.com', 'hmac-sha2-512-etm@openssh.com', 'hmac-sha1-etm@openssh.com', 'umac-64@openssh.com', 'umac-128@openssh.com', 'hmac-sha2-256', 'hmac-sha2-512', 'hmac-sha1'] server mac:['umac-64-etm@openssh.com', 'umac-128-etm@openssh.com', 'hmac-sha2-256-etm@openssh.com', 'hmac-sha2-512-etm@openssh.com', 'hmac-sha1-etm@openssh.com', 'umac-64@openssh.com', 'umac-128@openssh.com', 'hmac-sha2-256', 'hmac-sha2-512', 'hmac-sha1'] client compress:['none', 'zlib@openssh.com'] server compress:['none', 'zlib@openssh.com'] client lang:[''] server lang:[''] kex follows?False
DEB [20210427-12:12:48.336] thr=1   paramiko.transport: Kex agreed: curve25519-sha256@libssh.org
DEB [20210427-12:12:48.336] thr=1   paramiko.transport: HostKey agreed: ssh-ed25519
DEB [20210427-12:12:48.336] thr=1   paramiko.transport: Cipher agreed: aes128-ctr
DEB [20210427-12:12:48.336] thr=1   paramiko.transport: MAC agreed: hmac-sha2-256
DEB [20210427-12:12:48.337] thr=1   paramiko.transport: Compression agreed: none
DEB [20210427-12:12:48.348] thr=1   paramiko.transport: kex engine KexCurve25519 specified hash_algo <built-in function openssl_sha256>
DEB [20210427-12:12:48.349] thr=1   paramiko.transport: Switch to new keys ...
DEB [20210427-12:12:48.416] thr=1   paramiko.transport: userauth is OK
INF [20210427-12:12:48.511] thr=1   paramiko.transport: Authentication (publickey) successful!
DEB [20210427-12:12:48.512] thr=2   paramiko.transport: [chan 0] Max packet in: 32768 bytes
DEB [20210427-12:12:48.526] thr=1   paramiko.transport: Received global request "hostkeys-00@openssh.com"
DEB [20210427-12:12:48.526] thr=1   paramiko.transport: Rejecting "hostkeys-00@openssh.com" global request from server.
DEB [20210427-12:12:48.566] thr=1   paramiko.transport: [chan 0] Max packet out: 32768 bytes
DEB [20210427-12:12:48.567] thr=1   paramiko.transport: Secsh channel 0 opened.
DEB [20210427-12:12:48.568] thr=1   paramiko.transport: [chan 0] Sesch channel 0 request ok
DEB [20210427-12:12:48.570] thr=1   paramiko.transport: [chan 0] Sesch channel 0 request ok
DEB [20210427-12:13:10.457] thr=1   paramiko.transport: [chan 0] EOF received (0)
DEB [20210427-12:13:10.457] thr=1   paramiko.transport: [chan 0] EOF sent (0)
DEB [20210427-12:13:10.458] thr=1   paramiko.transport: Dropping user packet because connection is dead.
DEB [20210427-12:17:03.161] thr=1   paramiko.transport: starting thread (client mode): 0x5139bf98
DEB [20210427-12:17:03.162] thr=1   paramiko.transport: Local version/idstring: SSH-2.0-paramiko_2.7.2
DEB [20210427-12:17:03.168] thr=1   paramiko.transport: Remote version/idstring: SSH-2.0-OpenSSH_7.4
INF [20210427-12:17:03.168] thr=1   paramiko.transport: Connected (version 2.0, client OpenSSH_7.4)
DEB [20210427-12:17:03.172] thr=1   paramiko.transport: kex algos:['curve25519-sha256', 'curve25519-sha256@libssh.org', 'ecdh-sha2-nistp256', 'ecdh-sha2-nistp384', 'ecdh-sha2-nistp521', 'diffie-hellman-group-exchange-sha256', 'diffie-hellman-group16-sha512', 'diffie-hellman-group18-sha512', 'diffie-hellman-group-exchange-sha1', 'diffie-hellman-group14-sha256', 'diffie-hellman-group14-sha1', 'diffie-hellman-group1-sha1'] server key:['ssh-rsa', 'rsa-sha2-512', 'rsa-sha2-256', 'ecdsa-sha2-nistp256', 'ssh-ed25519'] client encrypt:['aes128-ctr', 'aes192-ctr', 'aes256-ctr', 'aes128-gcm@openssh.com', 'aes256-gcm@openssh.com', 'chacha20-poly1305@openssh.com'] server encrypt:['aes128-ctr', 'aes192-ctr', 'aes256-ctr', 'aes128-gcm@openssh.com', 'aes256-gcm@openssh.com', 'chacha20-poly1305@openssh.com'] client mac:['umac-64-etm@openssh.com', 'umac-128-etm@openssh.com', 'hmac-sha2-256-etm@openssh.com', 'hmac-sha2-512-etm@openssh.com', 'hmac-sha1-etm@openssh.com', 'umac-64@openssh.com', 'umac-128@openssh.com', 'hmac-sha2-256', 'hmac-sha2-512', 'hmac-sha1'] server mac:['umac-64-etm@openssh.com', 'umac-128-etm@openssh.com', 'hmac-sha2-256-etm@openssh.com', 'hmac-sha2-512-etm@openssh.com', 'hmac-sha1-etm@openssh.com', 'umac-64@openssh.com', 'umac-128@openssh.com', 'hmac-sha2-256', 'hmac-sha2-512', 'hmac-sha1'] client compress:['none', 'zlib@openssh.com'] server compress:['none', 'zlib@openssh.com'] client lang:[''] server lang:[''] kex follows?False
DEB [20210427-12:17:03.172] thr=1   paramiko.transport: Kex agreed: curve25519-sha256@libssh.org
DEB [20210427-12:17:03.173] thr=1   paramiko.transport: HostKey agreed: ssh-ed25519
DEB [20210427-12:17:03.173] thr=1   paramiko.transport: Cipher agreed: aes128-ctr
DEB [20210427-12:17:03.173] thr=1   paramiko.transport: MAC agreed: hmac-sha2-256
DEB [20210427-12:17:03.173] thr=1   paramiko.transport: Compression agreed: none
DEB [20210427-12:17:03.185] thr=1   paramiko.transport: kex engine KexCurve25519 specified hash_algo <built-in function openssl_sha256>
DEB [20210427-12:17:03.185] thr=1   paramiko.transport: Switch to new keys ...
DEB [20210427-12:17:03.242] thr=1   paramiko.transport: userauth is OK
INF [20210427-12:17:03.284] thr=1   paramiko.transport: Authentication (publickey) successful!
DEB [20210427-12:17:03.285] thr=2   paramiko.transport: [chan 0] Max packet in: 32768 bytes
DEB [20210427-12:17:03.298] thr=1   paramiko.transport: Received global request "hostkeys-00@openssh.com"
DEB [20210427-12:17:03.298] thr=1   paramiko.transport: Rejecting "hostkeys-00@openssh.com" global request from server.
DEB [20210427-12:17:03.337] thr=1   paramiko.transport: [chan 0] Max packet out: 32768 bytes
DEB [20210427-12:17:03.337] thr=1   paramiko.transport: Secsh channel 0 opened.
DEB [20210427-12:17:03.339] thr=1   paramiko.transport: [chan 0] Sesch channel 0 request ok
DEB [20210427-12:17:03.341] thr=1   paramiko.transport: [chan 0] Sesch channel 0 request ok
DEB [20210427-12:22:30.214] thr=1   paramiko.transport: [chan 0] EOF received (0)
DEB [20210427-12:22:30.215] thr=1   paramiko.transport: [chan 0] EOF sent (0)
DEB [20210427-12:22:32.840] thr=1   paramiko.transport: starting thread (client mode): 0x5d1b0438
DEB [20210427-12:22:32.841] thr=1   paramiko.transport: Local version/idstring: SSH-2.0-paramiko_2.7.2
DEB [20210427-12:22:32.853] thr=1   paramiko.transport: Remote version/idstring: SSH-2.0-OpenSSH_7.4
INF [20210427-12:22:32.853] thr=1   paramiko.transport: Connected (version 2.0, client OpenSSH_7.4)
DEB [20210427-12:22:32.856] thr=1   paramiko.transport: kex algos:['curve25519-sha256', 'curve25519-sha256@libssh.org', 'ecdh-sha2-nistp256', 'ecdh-sha2-nistp384', 'ecdh-sha2-nistp521', 'diffie-hellman-group-exchange-sha256', 'diffie-hellman-group16-sha512', 'diffie-hellman-group18-sha512', 'diffie-hellman-group-exchange-sha1', 'diffie-hellman-group14-sha256', 'diffie-hellman-group14-sha1', 'diffie-hellman-group1-sha1'] server key:['ssh-rsa', 'rsa-sha2-512', 'rsa-sha2-256', 'ecdsa-sha2-nistp256', 'ssh-ed25519'] client encrypt:['aes128-ctr', 'aes192-ctr', 'aes256-ctr', 'aes128-gcm@openssh.com', 'aes256-gcm@openssh.com', 'chacha20-poly1305@openssh.com'] server encrypt:['aes128-ctr', 'aes192-ctr', 'aes256-ctr', 'aes128-gcm@openssh.com', 'aes256-gcm@openssh.com', 'chacha20-poly1305@openssh.com'] client mac:['umac-64-etm@openssh.com', 'umac-128-etm@openssh.com', 'hmac-sha2-256-etm@openssh.com', 'hmac-sha2-512-etm@openssh.com', 'hmac-sha1-etm@openssh.com', 'umac-64@openssh.com', 'umac-128@openssh.com', 'hmac-sha2-256', 'hmac-sha2-512', 'hmac-sha1'] server mac:['umac-64-etm@openssh.com', 'umac-128-etm@openssh.com', 'hmac-sha2-256-etm@openssh.com', 'hmac-sha2-512-etm@openssh.com', 'hmac-sha1-etm@openssh.com', 'umac-64@openssh.com', 'umac-128@openssh.com', 'hmac-sha2-256', 'hmac-sha2-512', 'hmac-sha1'] client compress:['none', 'zlib@openssh.com'] server compress:['none', 'zlib@openssh.com'] client lang:[''] server lang:[''] kex follows?False
DEB [20210427-12:22:32.856] thr=1   paramiko.transport: Kex agreed: curve25519-sha256@libssh.org
DEB [20210427-12:22:32.856] thr=1   paramiko.transport: HostKey agreed: ssh-ed25519
DEB [20210427-12:22:32.856] thr=1   paramiko.transport: Cipher agreed: aes128-ctr
DEB [20210427-12:22:32.856] thr=1   paramiko.transport: MAC agreed: hmac-sha2-256
DEB [20210427-12:22:32.856] thr=1   paramiko.transport: Compression agreed: none
DEB [20210427-12:22:32.865] thr=1   paramiko.transport: kex engine KexCurve25519 specified hash_algo <built-in function openssl_sha256>
DEB [20210427-12:22:32.866] thr=1   paramiko.transport: Switch to new keys ...
DEB [20210427-12:22:32.921] thr=1   paramiko.transport: userauth is OK
INF [20210427-12:22:32.964] thr=1   paramiko.transport: Authentication (publickey) successful!
DEB [20210427-12:22:32.965] thr=2   paramiko.transport: [chan 0] Max packet in: 32768 bytes
DEB [20210427-12:22:32.980] thr=1   paramiko.transport: Received global request "hostkeys-00@openssh.com"
DEB [20210427-12:22:32.980] thr=1   paramiko.transport: Rejecting "hostkeys-00@openssh.com" global request from server.
DEB [20210427-12:22:33.019] thr=1   paramiko.transport: [chan 0] Max packet out: 32768 bytes
DEB [20210427-12:22:33.019] thr=1   paramiko.transport: Secsh channel 0 opened.
DEB [20210427-12:22:33.021] thr=1   paramiko.transport: [chan 0] Sesch channel 0 request ok
DEB [20210427-12:22:33.023] thr=1   paramiko.transport: [chan 0] Sesch channel 0 request ok
DEB [20210427-12:22:50.972] thr=1   paramiko.transport: [chan 0] EOF received (0)
DEB [20210427-12:22:50.972] thr=2   paramiko.transport: [chan 0] EOF sent (0)
DEB [20210427-12:26:44.138] thr=1   paramiko.transport: starting thread (client mode): 0xa7daa048
DEB [20210427-12:26:44.138] thr=1   paramiko.transport: Local version/idstring: SSH-2.0-paramiko_2.7.2
DEB [20210427-12:26:44.151] thr=1   paramiko.transport: Remote version/idstring: SSH-2.0-OpenSSH_7.4
INF [20210427-12:26:44.151] thr=1   paramiko.transport: Connected (version 2.0, client OpenSSH_7.4)
DEB [20210427-12:26:44.154] thr=1   paramiko.transport: kex algos:['curve25519-sha256', 'curve25519-sha256@libssh.org', 'ecdh-sha2-nistp256', 'ecdh-sha2-nistp384', 'ecdh-sha2-nistp521', 'diffie-hellman-group-exchange-sha256', 'diffie-hellman-group16-sha512', 'diffie-hellman-group18-sha512', 'diffie-hellman-group-exchange-sha1', 'diffie-hellman-group14-sha256', 'diffie-hellman-group14-sha1', 'diffie-hellman-group1-sha1'] server key:['ssh-rsa', 'rsa-sha2-512', 'rsa-sha2-256', 'ecdsa-sha2-nistp256', 'ssh-ed25519'] client encrypt:['aes128-ctr', 'aes192-ctr', 'aes256-ctr', 'aes128-gcm@openssh.com', 'aes256-gcm@openssh.com', 'chacha20-poly1305@openssh.com'] server encrypt:['aes128-ctr', 'aes192-ctr', 'aes256-ctr', 'aes128-gcm@openssh.com', 'aes256-gcm@openssh.com', 'chacha20-poly1305@openssh.com'] client mac:['umac-64-etm@openssh.com', 'umac-128-etm@openssh.com', 'hmac-sha2-256-etm@openssh.com', 'hmac-sha2-512-etm@openssh.com', 'hmac-sha1-etm@openssh.com', 'umac-64@openssh.com', 'umac-128@openssh.com', 'hmac-sha2-256', 'hmac-sha2-512', 'hmac-sha1'] server mac:['umac-64-etm@openssh.com', 'umac-128-etm@openssh.com', 'hmac-sha2-256-etm@openssh.com', 'hmac-sha2-512-etm@openssh.com', 'hmac-sha1-etm@openssh.com', 'umac-64@openssh.com', 'umac-128@openssh.com', 'hmac-sha2-256', 'hmac-sha2-512', 'hmac-sha1'] client compress:['none', 'zlib@openssh.com'] server compress:['none', 'zlib@openssh.com'] client lang:[''] server lang:[''] kex follows?False
DEB [20210427-12:26:44.154] thr=1   paramiko.transport: Kex agreed: curve25519-sha256@libssh.org
DEB [20210427-12:26:44.155] thr=1   paramiko.transport: HostKey agreed: ssh-ed25519
DEB [20210427-12:26:44.155] thr=1   paramiko.transport: Cipher agreed: aes128-ctr
DEB [20210427-12:26:44.155] thr=1   paramiko.transport: MAC agreed: hmac-sha2-256
DEB [20210427-12:26:44.155] thr=1   paramiko.transport: Compression agreed: none
DEB [20210427-12:26:44.165] thr=1   paramiko.transport: kex engine KexCurve25519 specified hash_algo <built-in function openssl_sha256>
DEB [20210427-12:26:44.166] thr=1   paramiko.transport: Switch to new keys ...
DEB [20210427-12:26:44.238] thr=1   paramiko.transport: userauth is OK
INF [20210427-12:26:44.281] thr=1   paramiko.transport: Authentication (publickey) successful!
DEB [20210427-12:26:44.282] thr=2   paramiko.transport: [chan 0] Max packet in: 32768 bytes
DEB [20210427-12:26:44.296] thr=1   paramiko.transport: Received global request "hostkeys-00@openssh.com"
DEB [20210427-12:26:44.296] thr=1   paramiko.transport: Rejecting "hostkeys-00@openssh.com" global request from server.
DEB [20210427-12:26:44.335] thr=1   paramiko.transport: [chan 0] Max packet out: 32768 bytes
DEB [20210427-12:26:44.335] thr=1   paramiko.transport: Secsh channel 0 opened.
DEB [20210427-12:26:44.337] thr=1   paramiko.transport: [chan 0] Sesch channel 0 request ok
DEB [20210427-12:26:44.339] thr=1   paramiko.transport: [chan 0] Sesch channel 0 request ok
DEB [20210427-12:28:28.496] thr=1   paramiko.transport: [chan 0] EOF received (0)
DEB [20210427-12:28:28.496] thr=2   paramiko.transport: [chan 0] EOF sent (0)
DEB [20210427-12:29:32.010] thr=1   paramiko.transport: starting thread (client mode): 0x81e4c438
DEB [20210427-12:29:32.011] thr=1   paramiko.transport: Local version/idstring: SSH-2.0-paramiko_2.7.2
DEB [20210427-12:29:32.017] thr=1   paramiko.transport: Remote version/idstring: SSH-2.0-OpenSSH_7.4
INF [20210427-12:29:32.017] thr=1   paramiko.transport: Connected (version 2.0, client OpenSSH_7.4)
DEB [20210427-12:29:32.021] thr=1   paramiko.transport: kex algos:['curve25519-sha256', 'curve25519-sha256@libssh.org', 'ecdh-sha2-nistp256', 'ecdh-sha2-nistp384', 'ecdh-sha2-nistp521', 'diffie-hellman-group-exchange-sha256', 'diffie-hellman-group16-sha512', 'diffie-hellman-group18-sha512', 'diffie-hellman-group-exchange-sha1', 'diffie-hellman-group14-sha256', 'diffie-hellman-group14-sha1', 'diffie-hellman-group1-sha1'] server key:['ssh-rsa', 'rsa-sha2-512', 'rsa-sha2-256', 'ecdsa-sha2-nistp256', 'ssh-ed25519'] client encrypt:['aes128-ctr', 'aes192-ctr', 'aes256-ctr', 'aes128-gcm@openssh.com', 'aes256-gcm@openssh.com', 'chacha20-poly1305@openssh.com'] server encrypt:['aes128-ctr', 'aes192-ctr', 'aes256-ctr', 'aes128-gcm@openssh.com', 'aes256-gcm@openssh.com', 'chacha20-poly1305@openssh.com'] client mac:['umac-64-etm@openssh.com', 'umac-128-etm@openssh.com', 'hmac-sha2-256-etm@openssh.com', 'hmac-sha2-512-etm@openssh.com', 'hmac-sha1-etm@openssh.com', 'umac-64@openssh.com', 'umac-128@openssh.com', 'hmac-sha2-256', 'hmac-sha2-512', 'hmac-sha1'] server mac:['umac-64-etm@openssh.com', 'umac-128-etm@openssh.com', 'hmac-sha2-256-etm@openssh.com', 'hmac-sha2-512-etm@openssh.com', 'hmac-sha1-etm@openssh.com', 'umac-64@openssh.com', 'umac-128@openssh.com', 'hmac-sha2-256', 'hmac-sha2-512', 'hmac-sha1'] client compress:['none', 'zlib@openssh.com'] server compress:['none', 'zlib@openssh.com'] client lang:[''] server lang:[''] kex follows?False
DEB [20210427-12:29:32.021] thr=1   paramiko.transport: Kex agreed: curve25519-sha256@libssh.org
DEB [20210427-12:29:32.022] thr=1   paramiko.transport: HostKey agreed: ssh-ed25519
DEB [20210427-12:29:32.022] thr=1   paramiko.transport: Cipher agreed: aes128-ctr
DEB [20210427-12:29:32.022] thr=1   paramiko.transport: MAC agreed: hmac-sha2-256
DEB [20210427-12:29:32.022] thr=1   paramiko.transport: Compression agreed: none
DEB [20210427-12:29:32.033] thr=1   paramiko.transport: kex engine KexCurve25519 specified hash_algo <built-in function openssl_sha256>
DEB [20210427-12:29:32.034] thr=1   paramiko.transport: Switch to new keys ...
DEB [20210427-12:30:09.898] thr=1   paramiko.transport: starting thread (client mode): 0x8262a438
DEB [20210427-12:30:09.899] thr=1   paramiko.transport: Local version/idstring: SSH-2.0-paramiko_2.7.2
DEB [20210427-12:30:09.905] thr=1   paramiko.transport: Remote version/idstring: SSH-2.0-OpenSSH_7.4
INF [20210427-12:30:09.905] thr=1   paramiko.transport: Connected (version 2.0, client OpenSSH_7.4)
DEB [20210427-12:30:09.909] thr=1   paramiko.transport: kex algos:['curve25519-sha256', 'curve25519-sha256@libssh.org', 'ecdh-sha2-nistp256', 'ecdh-sha2-nistp384', 'ecdh-sha2-nistp521', 'diffie-hellman-group-exchange-sha256', 'diffie-hellman-group16-sha512', 'diffie-hellman-group18-sha512', 'diffie-hellman-group-exchange-sha1', 'diffie-hellman-group14-sha256', 'diffie-hellman-group14-sha1', 'diffie-hellman-group1-sha1'] server key:['ssh-rsa', 'rsa-sha2-512', 'rsa-sha2-256', 'ecdsa-sha2-nistp256', 'ssh-ed25519'] client encrypt:['aes128-ctr', 'aes192-ctr', 'aes256-ctr', 'aes128-gcm@openssh.com', 'aes256-gcm@openssh.com', 'chacha20-poly1305@openssh.com'] server encrypt:['aes128-ctr', 'aes192-ctr', 'aes256-ctr', 'aes128-gcm@openssh.com', 'aes256-gcm@openssh.com', 'chacha20-poly1305@openssh.com'] client mac:['umac-64-etm@openssh.com', 'umac-128-etm@openssh.com', 'hmac-sha2-256-etm@openssh.com', 'hmac-sha2-512-etm@openssh.com', 'hmac-sha1-etm@openssh.com', 'umac-64@openssh.com', 'umac-128@openssh.com', 'hmac-sha2-256', 'hmac-sha2-512', 'hmac-sha1'] server mac:['umac-64-etm@openssh.com', 'umac-128-etm@openssh.com', 'hmac-sha2-256-etm@openssh.com', 'hmac-sha2-512-etm@openssh.com', 'hmac-sha1-etm@openssh.com', 'umac-64@openssh.com', 'umac-128@openssh.com', 'hmac-sha2-256', 'hmac-sha2-512', 'hmac-sha1'] client compress:['none', 'zlib@openssh.com'] server compress:['none', 'zlib@openssh.com'] client lang:[''] server lang:[''] kex follows?False
DEB [20210427-12:30:09.910] thr=1   paramiko.transport: Kex agreed: curve25519-sha256@libssh.org
DEB [20210427-12:30:09.910] thr=1   paramiko.transport: HostKey agreed: ssh-ed25519
DEB [20210427-12:30:09.910] thr=1   paramiko.transport: Cipher agreed: aes128-ctr
DEB [20210427-12:30:09.910] thr=1   paramiko.transport: MAC agreed: hmac-sha2-256
DEB [20210427-12:30:09.910] thr=1   paramiko.transport: Compression agreed: none
DEB [20210427-12:30:09.922] thr=1   paramiko.transport: kex engine KexCurve25519 specified hash_algo <built-in function openssl_sha256>
DEB [20210427-12:30:09.923] thr=1   paramiko.transport: Switch to new keys ...
DEB [20210427-12:30:09.979] thr=1   paramiko.transport: userauth is OK
INF [20210427-12:30:10.030] thr=1   paramiko.transport: Authentication (publickey) successful!
DEB [20210427-12:30:10.030] thr=2   paramiko.transport: [chan 0] Max packet in: 32768 bytes
DEB [20210427-12:30:10.042] thr=1   paramiko.transport: Received global request "hostkeys-00@openssh.com"
DEB [20210427-12:30:10.043] thr=1   paramiko.transport: Rejecting "hostkeys-00@openssh.com" global request from server.
DEB [20210427-12:30:10.082] thr=1   paramiko.transport: [chan 0] Max packet out: 32768 bytes
DEB [20210427-12:30:10.082] thr=1   paramiko.transport: Secsh channel 0 opened.
DEB [20210427-12:30:10.084] thr=1   paramiko.transport: [chan 0] Sesch channel 0 request ok
DEB [20210427-12:30:10.087] thr=1   paramiko.transport: [chan 0] Sesch channel 0 request ok
DEB [20210427-12:35:58.025] thr=1   paramiko.transport: [chan 0] EOF received (0)
DEB [20210427-12:35:58.026] thr=2   paramiko.transport: [chan 0] EOF sent (0)
DEB [20210427-12:36:00.731] thr=1   paramiko.transport: starting thread (client mode): 0x6dc85048
DEB [20210427-12:36:00.731] thr=1   paramiko.transport: Local version/idstring: SSH-2.0-paramiko_2.7.2
DEB [20210427-12:36:00.743] thr=1   paramiko.transport: Remote version/idstring: SSH-2.0-OpenSSH_7.4
INF [20210427-12:36:00.744] thr=1   paramiko.transport: Connected (version 2.0, client OpenSSH_7.4)
DEB [20210427-12:36:00.746] thr=1   paramiko.transport: kex algos:['curve25519-sha256', 'curve25519-sha256@libssh.org', 'ecdh-sha2-nistp256', 'ecdh-sha2-nistp384', 'ecdh-sha2-nistp521', 'diffie-hellman-group-exchange-sha256', 'diffie-hellman-group16-sha512', 'diffie-hellman-group18-sha512', 'diffie-hellman-group-exchange-sha1', 'diffie-hellman-group14-sha256', 'diffie-hellman-group14-sha1', 'diffie-hellman-group1-sha1'] server key:['ssh-rsa', 'rsa-sha2-512', 'rsa-sha2-256', 'ecdsa-sha2-nistp256', 'ssh-ed25519'] client encrypt:['aes128-ctr', 'aes192-ctr', 'aes256-ctr', 'aes128-gcm@openssh.com', 'aes256-gcm@openssh.com', 'chacha20-poly1305@openssh.com'] server encrypt:['aes128-ctr', 'aes192-ctr', 'aes256-ctr', 'aes128-gcm@openssh.com', 'aes256-gcm@openssh.com', 'chacha20-poly1305@openssh.com'] client mac:['umac-64-etm@openssh.com', 'umac-128-etm@openssh.com', 'hmac-sha2-256-etm@openssh.com', 'hmac-sha2-512-etm@openssh.com', 'hmac-sha1-etm@openssh.com', 'umac-64@openssh.com', 'umac-128@openssh.com', 'hmac-sha2-256', 'hmac-sha2-512', 'hmac-sha1'] server mac:['umac-64-etm@openssh.com', 'umac-128-etm@openssh.com', 'hmac-sha2-256-etm@openssh.com', 'hmac-sha2-512-etm@openssh.com', 'hmac-sha1-etm@openssh.com', 'umac-64@openssh.com', 'umac-128@openssh.com', 'hmac-sha2-256', 'hmac-sha2-512', 'hmac-sha1'] client compress:['none', 'zlib@openssh.com'] server compress:['none', 'zlib@openssh.com'] client lang:[''] server lang:[''] kex follows?False
DEB [20210427-12:36:00.746] thr=1   paramiko.transport: Kex agreed: curve25519-sha256@libssh.org
DEB [20210427-12:36:00.746] thr=1   paramiko.transport: HostKey agreed: ssh-ed25519
DEB [20210427-12:36:00.747] thr=1   paramiko.transport: Cipher agreed: aes128-ctr
DEB [20210427-12:36:00.747] thr=1   paramiko.transport: MAC agreed: hmac-sha2-256
DEB [20210427-12:36:00.747] thr=1   paramiko.transport: Compression agreed: none
DEB [20210427-12:36:00.756] thr=1   paramiko.transport: kex engine KexCurve25519 specified hash_algo <built-in function openssl_sha256>
DEB [20210427-12:36:00.756] thr=1   paramiko.transport: Switch to new keys ...
DEB [20210427-12:36:00.845] thr=1   paramiko.transport: userauth is OK
INF [20210427-12:36:00.885] thr=1   paramiko.transport: Authentication (publickey) successful!
DEB [20210427-12:36:00.886] thr=2   paramiko.transport: [chan 0] Max packet in: 32768 bytes
DEB [20210427-12:36:00.902] thr=1   paramiko.transport: Received global request "hostkeys-00@openssh.com"
DEB [20210427-12:36:00.902] thr=1   paramiko.transport: Rejecting "hostkeys-00@openssh.com" global request from server.
DEB [20210427-12:36:00.941] thr=1   paramiko.transport: [chan 0] Max packet out: 32768 bytes
DEB [20210427-12:36:00.941] thr=1   paramiko.transport: Secsh channel 0 opened.
DEB [20210427-12:36:00.943] thr=1   paramiko.transport: [chan 0] Sesch channel 0 request ok
DEB [20210427-12:36:00.946] thr=1   paramiko.transport: [chan 0] Sesch channel 0 request ok
DEB [20210427-12:38:25.673] thr=1   paramiko.transport: [chan 0] EOF received (0)
DEB [20210427-12:38:25.674] thr=2   paramiko.transport: [chan 0] EOF sent (0)
DEB [20210427-12:38:25.674] thr=1   paramiko.transport: EOF in transport thread
DEB [20210427-12:38:28.094] thr=1   paramiko.transport: starting thread (client mode): 0x47ec70b8
DEB [20210427-12:38:28.094] thr=1   paramiko.transport: Local version/idstring: SSH-2.0-paramiko_2.7.2
DEB [20210427-12:38:28.106] thr=1   paramiko.transport: Remote version/idstring: SSH-2.0-OpenSSH_7.4
INF [20210427-12:38:28.106] thr=1   paramiko.transport: Connected (version 2.0, client OpenSSH_7.4)
DEB [20210427-12:38:28.109] thr=1   paramiko.transport: kex algos:['curve25519-sha256', 'curve25519-sha256@libssh.org', 'ecdh-sha2-nistp256', 'ecdh-sha2-nistp384', 'ecdh-sha2-nistp521', 'diffie-hellman-group-exchange-sha256', 'diffie-hellman-group16-sha512', 'diffie-hellman-group18-sha512', 'diffie-hellman-group-exchange-sha1', 'diffie-hellman-group14-sha256', 'diffie-hellman-group14-sha1', 'diffie-hellman-group1-sha1'] server key:['ssh-rsa', 'rsa-sha2-512', 'rsa-sha2-256', 'ecdsa-sha2-nistp256', 'ssh-ed25519'] client encrypt:['aes128-ctr', 'aes192-ctr', 'aes256-ctr', 'aes128-gcm@openssh.com', 'aes256-gcm@openssh.com', 'chacha20-poly1305@openssh.com'] server encrypt:['aes128-ctr', 'aes192-ctr', 'aes256-ctr', 'aes128-gcm@openssh.com', 'aes256-gcm@openssh.com', 'chacha20-poly1305@openssh.com'] client mac:['umac-64-etm@openssh.com', 'umac-128-etm@openssh.com', 'hmac-sha2-256-etm@openssh.com', 'hmac-sha2-512-etm@openssh.com', 'hmac-sha1-etm@openssh.com', 'umac-64@openssh.com', 'umac-128@openssh.com', 'hmac-sha2-256', 'hmac-sha2-512', 'hmac-sha1'] server mac:['umac-64-etm@openssh.com', 'umac-128-etm@openssh.com', 'hmac-sha2-256-etm@openssh.com', 'hmac-sha2-512-etm@openssh.com', 'hmac-sha1-etm@openssh.com', 'umac-64@openssh.com', 'umac-128@openssh.com', 'hmac-sha2-256', 'hmac-sha2-512', 'hmac-sha1'] client compress:['none', 'zlib@openssh.com'] server compress:['none', 'zlib@openssh.com'] client lang:[''] server lang:[''] kex follows?False
DEB [20210427-12:38:28.109] thr=1   paramiko.transport: Kex agreed: curve25519-sha256@libssh.org
DEB [20210427-12:38:28.109] thr=1   paramiko.transport: HostKey agreed: ssh-ed25519
DEB [20210427-12:38:28.109] thr=1   paramiko.transport: Cipher agreed: aes128-ctr
DEB [20210427-12:38:28.110] thr=1   paramiko.transport: MAC agreed: hmac-sha2-256
DEB [20210427-12:38:28.110] thr=1   paramiko.transport: Compression agreed: none
DEB [20210427-12:38:28.120] thr=1   paramiko.transport: kex engine KexCurve25519 specified hash_algo <built-in function openssl_sha256>
DEB [20210427-12:38:28.120] thr=1   paramiko.transport: Switch to new keys ...
DEB [20210427-12:38:28.198] thr=1   paramiko.transport: userauth is OK
INF [20210427-12:38:28.235] thr=1   paramiko.transport: Authentication (publickey) successful!
DEB [20210427-12:38:28.236] thr=2   paramiko.transport: [chan 0] Max packet in: 32768 bytes
DEB [20210427-12:38:28.248] thr=1   paramiko.transport: Received global request "hostkeys-00@openssh.com"
DEB [20210427-12:38:28.248] thr=1   paramiko.transport: Rejecting "hostkeys-00@openssh.com" global request from server.
DEB [20210427-12:38:28.287] thr=1   paramiko.transport: [chan 0] Max packet out: 32768 bytes
DEB [20210427-12:38:28.288] thr=1   paramiko.transport: Secsh channel 0 opened.
DEB [20210427-12:38:28.289] thr=1   paramiko.transport: [chan 0] Sesch channel 0 request ok
DEB [20210427-12:38:28.291] thr=1   paramiko.transport: [chan 0] Sesch channel 0 request ok
DEB [20210427-12:50:44.108] thr=1   paramiko.transport: [chan 0] EOF received (0)
DEB [20210427-12:50:44.108] thr=1   paramiko.transport: [chan 0] EOF sent (0)
