DEB [20210427-12:55:27.216] thr=1   paramiko.transport: starting thread (client mode): 0xeac0d470
DEB [20210427-12:55:27.217] thr=1   paramiko.transport: Local version/idstring: SSH-2.0-paramiko_2.7.2
DEB [20210427-12:55:27.229] thr=1   paramiko.transport: Remote version/idstring: SSH-2.0-OpenSSH_7.4
INF [20210427-12:55:27.229] thr=1   paramiko.transport: Connected (version 2.0, client OpenSSH_7.4)
DEB [20210427-12:55:27.234] thr=1   paramiko.transport: kex algos:['curve25519-sha256', 'curve25519-sha256@libssh.org', 'ecdh-sha2-nistp256', 'ecdh-sha2-nistp384', 'ecdh-sha2-nistp521', 'diffie-hellman-group-exchange-sha256', 'diffie-hellman-group16-sha512', 'diffie-hellman-group18-sha512', 'diffie-hellman-group-exchange-sha1', 'diffie-hellman-group14-sha256', 'diffie-hellman-group14-sha1', 'diffie-hellman-group1-sha1'] server key:['ssh-rsa', 'rsa-sha2-512', 'rsa-sha2-256', 'ecdsa-sha2-nistp256', 'ssh-ed25519'] client encrypt:['aes128-ctr', 'aes192-ctr', 'aes256-ctr', 'aes128-gcm@openssh.com', 'aes256-gcm@openssh.com', 'chacha20-poly1305@openssh.com'] server encrypt:['aes128-ctr', 'aes192-ctr', 'aes256-ctr', 'aes128-gcm@openssh.com', 'aes256-gcm@openssh.com', 'chacha20-poly1305@openssh.com'] client mac:['umac-64-etm@openssh.com', 'umac-128-etm@openssh.com', 'hmac-sha2-256-etm@openssh.com', 'hmac-sha2-512-etm@openssh.com', 'hmac-sha1-etm@openssh.com', 'umac-64@openssh.com', 'umac-128@openssh.com', 'hmac-sha2-256', 'hmac-sha2-512', 'hmac-sha1'] server mac:['umac-64-etm@openssh.com', 'umac-128-etm@openssh.com', 'hmac-sha2-256-etm@openssh.com', 'hmac-sha2-512-etm@openssh.com', 'hmac-sha1-etm@openssh.com', 'umac-64@openssh.com', 'umac-128@openssh.com', 'hmac-sha2-256', 'hmac-sha2-512', 'hmac-sha1'] client compress:['none', 'zlib@openssh.com'] server compress:['none', 'zlib@openssh.com'] client lang:[''] server lang:[''] kex follows?False
DEB [20210427-12:55:27.234] thr=1   paramiko.transport: Kex agreed: curve25519-sha256@libssh.org
DEB [20210427-12:55:27.234] thr=1   paramiko.transport: HostKey agreed: ecdsa-sha2-nistp256
DEB [20210427-12:55:27.234] thr=1   paramiko.transport: Cipher agreed: aes128-ctr
DEB [20210427-12:55:27.235] thr=1   paramiko.transport: MAC agreed: hmac-sha2-256
DEB [20210427-12:55:27.235] thr=1   paramiko.transport: Compression agreed: none
DEB [20210427-12:55:27.247] thr=1   paramiko.transport: kex engine KexCurve25519 specified hash_algo <built-in function openssl_sha256>
DEB [20210427-12:55:27.248] thr=1   paramiko.transport: Switch to new keys ...
DEB [20210427-12:55:27.249] thr=2   paramiko.transport: Trying SSH agent key b'5660e51099ccb6dfd20f7495998648f9'
DEB [20210427-12:55:27.286] thr=1   paramiko.transport: userauth is OK
INF [20210427-12:55:27.345] thr=1   paramiko.transport: Authentication (publickey) successful!
DEB [20210427-12:55:27.345] thr=2   paramiko.transport: [chan 0] Max packet in: 32768 bytes
DEB [20210427-12:55:27.362] thr=1   paramiko.transport: Received global request "hostkeys-00@openssh.com"
DEB [20210427-12:55:27.362] thr=1   paramiko.transport: Rejecting "hostkeys-00@openssh.com" global request from server.
DEB [20210427-12:55:27.401] thr=1   paramiko.transport: [chan 0] Max packet out: 32768 bytes
DEB [20210427-12:55:27.401] thr=1   paramiko.transport: Secsh channel 0 opened.
DEB [20210427-12:55:27.403] thr=1   paramiko.transport: [chan 0] Sesch channel 0 request ok
DEB [20210427-12:55:27.405] thr=1   paramiko.transport: [chan 0] Sesch channel 0 request ok
DEB [20210427-12:56:02.938] thr=1   paramiko.transport: [chan 0] EOF received (0)
DEB [20210427-12:56:02.938] thr=2   paramiko.transport: [chan 0] EOF sent (0)
DEB [20210427-14:18:43.935] thr=1   paramiko.transport: starting thread (client mode): 0xe7a664e0
DEB [20210427-14:18:43.935] thr=1   paramiko.transport: Local version/idstring: SSH-2.0-paramiko_2.7.2
DEB [20210427-14:18:43.947] thr=1   paramiko.transport: Remote version/idstring: SSH-2.0-OpenSSH_7.4
INF [20210427-14:18:43.947] thr=1   paramiko.transport: Connected (version 2.0, client OpenSSH_7.4)
DEB [20210427-14:18:43.951] thr=1   paramiko.transport: kex algos:['curve25519-sha256', 'curve25519-sha256@libssh.org', 'ecdh-sha2-nistp256', 'ecdh-sha2-nistp384', 'ecdh-sha2-nistp521', 'diffie-hellman-group-exchange-sha256', 'diffie-hellman-group16-sha512', 'diffie-hellman-group18-sha512', 'diffie-hellman-group-exchange-sha1', 'diffie-hellman-group14-sha256', 'diffie-hellman-group14-sha1', 'diffie-hellman-group1-sha1'] server key:['ssh-rsa', 'rsa-sha2-512', 'rsa-sha2-256', 'ecdsa-sha2-nistp256', 'ssh-ed25519'] client encrypt:['aes128-ctr', 'aes192-ctr', 'aes256-ctr', 'aes128-gcm@openssh.com', 'aes256-gcm@openssh.com', 'chacha20-poly1305@openssh.com'] server encrypt:['aes128-ctr', 'aes192-ctr', 'aes256-ctr', 'aes128-gcm@openssh.com', 'aes256-gcm@openssh.com', 'chacha20-poly1305@openssh.com'] client mac:['umac-64-etm@openssh.com', 'umac-128-etm@openssh.com', 'hmac-sha2-256-etm@openssh.com', 'hmac-sha2-512-etm@openssh.com', 'hmac-sha1-etm@openssh.com', 'umac-64@openssh.com', 'umac-128@openssh.com', 'hmac-sha2-256', 'hmac-sha2-512', 'hmac-sha1'] server mac:['umac-64-etm@openssh.com', 'umac-128-etm@openssh.com', 'hmac-sha2-256-etm@openssh.com', 'hmac-sha2-512-etm@openssh.com', 'hmac-sha1-etm@openssh.com', 'umac-64@openssh.com', 'umac-128@openssh.com', 'hmac-sha2-256', 'hmac-sha2-512', 'hmac-sha1'] client compress:['none', 'zlib@openssh.com'] server compress:['none', 'zlib@openssh.com'] client lang:[''] server lang:[''] kex follows?False
DEB [20210427-14:18:43.951] thr=1   paramiko.transport: Kex agreed: curve25519-sha256@libssh.org
DEB [20210427-14:18:43.951] thr=1   paramiko.transport: HostKey agreed: ecdsa-sha2-nistp256
DEB [20210427-14:18:43.951] thr=1   paramiko.transport: Cipher agreed: aes128-ctr
DEB [20210427-14:18:43.951] thr=1   paramiko.transport: MAC agreed: hmac-sha2-256
DEB [20210427-14:18:43.952] thr=1   paramiko.transport: Compression agreed: none
DEB [20210427-14:18:43.962] thr=1   paramiko.transport: kex engine KexCurve25519 specified hash_algo <built-in function openssl_sha256>
DEB [20210427-14:18:43.963] thr=1   paramiko.transport: Switch to new keys ...
DEB [20210427-14:18:43.965] thr=2   paramiko.transport: Trying SSH agent key b'5660e51099ccb6dfd20f7495998648f9'
DEB [20210427-14:18:44.002] thr=1   paramiko.transport: userauth is OK
INF [20210427-14:18:44.056] thr=1   paramiko.transport: Authentication (publickey) successful!
DEB [20210427-14:18:44.057] thr=2   paramiko.transport: [chan 0] Max packet in: 32768 bytes
DEB [20210427-14:18:44.071] thr=1   paramiko.transport: Received global request "hostkeys-00@openssh.com"
DEB [20210427-14:18:44.071] thr=1   paramiko.transport: Rejecting "hostkeys-00@openssh.com" global request from server.
DEB [20210427-14:18:44.110] thr=1   paramiko.transport: [chan 0] Max packet out: 32768 bytes
DEB [20210427-14:18:44.110] thr=1   paramiko.transport: Secsh channel 0 opened.
DEB [20210427-14:18:44.112] thr=1   paramiko.transport: [chan 0] Sesch channel 0 request ok
DEB [20210427-14:18:44.114] thr=1   paramiko.transport: [chan 0] Sesch channel 0 request ok
DEB [20210427-14:19:15.618] thr=1   paramiko.transport: [chan 0] EOF received (0)
DEB [20210427-14:19:15.618] thr=2   paramiko.transport: [chan 0] EOF sent (0)
DEB [20210427-14:19:15.619] thr=1   paramiko.transport: EOF in transport thread
DEB [20210427-14:34:50.172] thr=1   paramiko.transport: starting thread (client mode): 0x1ef672e8
DEB [20210427-14:34:50.173] thr=1   paramiko.transport: Local version/idstring: SSH-2.0-paramiko_2.7.2
DEB [20210427-14:34:50.184] thr=1   paramiko.transport: Remote version/idstring: SSH-2.0-OpenSSH_7.4
INF [20210427-14:34:50.184] thr=1   paramiko.transport: Connected (version 2.0, client OpenSSH_7.4)
DEB [20210427-14:34:50.186] thr=1   paramiko.transport: kex algos:['curve25519-sha256', 'curve25519-sha256@libssh.org', 'ecdh-sha2-nistp256', 'ecdh-sha2-nistp384', 'ecdh-sha2-nistp521', 'diffie-hellman-group-exchange-sha256', 'diffie-hellman-group16-sha512', 'diffie-hellman-group18-sha512', 'diffie-hellman-group-exchange-sha1', 'diffie-hellman-group14-sha256', 'diffie-hellman-group14-sha1', 'diffie-hellman-group1-sha1'] server key:['ssh-rsa', 'rsa-sha2-512', 'rsa-sha2-256', 'ecdsa-sha2-nistp256', 'ssh-ed25519'] client encrypt:['aes128-ctr', 'aes192-ctr', 'aes256-ctr', 'aes128-gcm@openssh.com', 'aes256-gcm@openssh.com', 'chacha20-poly1305@openssh.com'] server encrypt:['aes128-ctr', 'aes192-ctr', 'aes256-ctr', 'aes128-gcm@openssh.com', 'aes256-gcm@openssh.com', 'chacha20-poly1305@openssh.com'] client mac:['umac-64-etm@openssh.com', 'umac-128-etm@openssh.com', 'hmac-sha2-256-etm@openssh.com', 'hmac-sha2-512-etm@openssh.com', 'hmac-sha1-etm@openssh.com', 'umac-64@openssh.com', 'umac-128@openssh.com', 'hmac-sha2-256', 'hmac-sha2-512', 'hmac-sha1'] server mac:['umac-64-etm@openssh.com', 'umac-128-etm@openssh.com', 'hmac-sha2-256-etm@openssh.com', 'hmac-sha2-512-etm@openssh.com', 'hmac-sha1-etm@openssh.com', 'umac-64@openssh.com', 'umac-128@openssh.com', 'hmac-sha2-256', 'hmac-sha2-512', 'hmac-sha1'] client compress:['none', 'zlib@openssh.com'] server compress:['none', 'zlib@openssh.com'] client lang:[''] server lang:[''] kex follows?False
DEB [20210427-14:34:50.187] thr=1   paramiko.transport: Kex agreed: curve25519-sha256@libssh.org
DEB [20210427-14:34:50.187] thr=1   paramiko.transport: HostKey agreed: ecdsa-sha2-nistp256
DEB [20210427-14:34:50.187] thr=1   paramiko.transport: Cipher agreed: aes128-ctr
DEB [20210427-14:34:50.187] thr=1   paramiko.transport: MAC agreed: hmac-sha2-256
DEB [20210427-14:34:50.187] thr=1   paramiko.transport: Compression agreed: none
DEB [20210427-14:34:50.194] thr=1   paramiko.transport: kex engine KexCurve25519 specified hash_algo <built-in function openssl_sha256>
DEB [20210427-14:34:50.195] thr=1   paramiko.transport: Switch to new keys ...
DEB [20210427-14:34:50.233] thr=1   paramiko.transport: userauth is OK
ERR [20210427-14:34:50.234] thr=1   paramiko.transport: Unknown exception: Unable to import a GSS-API / SSPI module!
ERR [20210427-14:34:50.235] thr=1   paramiko.transport: Traceback (most recent call last):
ERR [20210427-14:34:50.235] thr=1   paramiko.transport:   File "/home/ap/pssh-test/lib64/python3.6/site-packages/paramiko/transport.py", line 2109, in run
ERR [20210427-14:34:50.235] thr=1   paramiko.transport:     handler(self.auth_handler, m)
ERR [20210427-14:34:50.235] thr=1   paramiko.transport:   File "/home/ap/pssh-test/lib64/python3.6/site-packages/paramiko/auth_handler.py", line 304, in _parse_service_accept
ERR [20210427-14:34:50.235] thr=1   paramiko.transport:     sshgss = GSSAuth(self.auth_method, self.gss_deleg_creds)
ERR [20210427-14:34:50.235] thr=1   paramiko.transport:   File "/home/ap/pssh-test/lib64/python3.6/site-packages/paramiko/ssh_gss.py", line 107, in GSSAuth
ERR [20210427-14:34:50.236] thr=1   paramiko.transport:     raise ImportError("Unable to import a GSS-API / SSPI module!")
ERR [20210427-14:34:50.236] thr=1   paramiko.transport: ImportError: Unable to import a GSS-API / SSPI module!
ERR [20210427-14:34:50.236] thr=1   paramiko.transport: 
DEB [20210427-14:34:50.237] thr=2   paramiko.transport: Trying SSH agent key b'5660e51099ccb6dfd20f7495998648f9'
DEB [20210427-14:34:50.246] thr=2   paramiko.transport: Trying discovered key b'5660e51099ccb6dfd20f7495998648f9' in /home/ap/.ssh/id_rsa
DEB [20210427-15:04:44.558] thr=1   paramiko.transport: starting thread (client mode): 0x12330400
DEB [20210427-15:04:44.559] thr=1   paramiko.transport: Local version/idstring: SSH-2.0-paramiko_2.7.2
DEB [20210427-15:04:44.570] thr=1   paramiko.transport: Remote version/idstring: SSH-2.0-OpenSSH_7.4
INF [20210427-15:04:44.570] thr=1   paramiko.transport: Connected (version 2.0, client OpenSSH_7.4)
DEB [20210427-15:04:44.573] thr=1   paramiko.transport: kex algos:['curve25519-sha256', 'curve25519-sha256@libssh.org', 'ecdh-sha2-nistp256', 'ecdh-sha2-nistp384', 'ecdh-sha2-nistp521', 'diffie-hellman-group-exchange-sha256', 'diffie-hellman-group16-sha512', 'diffie-hellman-group18-sha512', 'diffie-hellman-group-exchange-sha1', 'diffie-hellman-group14-sha256', 'diffie-hellman-group14-sha1', 'diffie-hellman-group1-sha1'] server key:['ssh-rsa', 'rsa-sha2-512', 'rsa-sha2-256', 'ecdsa-sha2-nistp256', 'ssh-ed25519'] client encrypt:['aes128-ctr', 'aes192-ctr', 'aes256-ctr', 'aes128-gcm@openssh.com', 'aes256-gcm@openssh.com', 'chacha20-poly1305@openssh.com'] server encrypt:['aes128-ctr', 'aes192-ctr', 'aes256-ctr', 'aes128-gcm@openssh.com', 'aes256-gcm@openssh.com', 'chacha20-poly1305@openssh.com'] client mac:['umac-64-etm@openssh.com', 'umac-128-etm@openssh.com', 'hmac-sha2-256-etm@openssh.com', 'hmac-sha2-512-etm@openssh.com', 'hmac-sha1-etm@openssh.com', 'umac-64@openssh.com', 'umac-128@openssh.com', 'hmac-sha2-256', 'hmac-sha2-512', 'hmac-sha1'] server mac:['umac-64-etm@openssh.com', 'umac-128-etm@openssh.com', 'hmac-sha2-256-etm@openssh.com', 'hmac-sha2-512-etm@openssh.com', 'hmac-sha1-etm@openssh.com', 'umac-64@openssh.com', 'umac-128@openssh.com', 'hmac-sha2-256', 'hmac-sha2-512', 'hmac-sha1'] client compress:['none', 'zlib@openssh.com'] server compress:['none', 'zlib@openssh.com'] client lang:[''] server lang:[''] kex follows?False
DEB [20210427-15:04:44.573] thr=1   paramiko.transport: Kex agreed: curve25519-sha256@libssh.org
DEB [20210427-15:04:44.573] thr=1   paramiko.transport: HostKey agreed: ecdsa-sha2-nistp256
DEB [20210427-15:04:44.573] thr=1   paramiko.transport: Cipher agreed: aes128-ctr
DEB [20210427-15:04:44.573] thr=1   paramiko.transport: MAC agreed: hmac-sha2-256
DEB [20210427-15:04:44.574] thr=1   paramiko.transport: Compression agreed: none
DEB [20210427-15:04:44.581] thr=1   paramiko.transport: kex engine KexCurve25519 specified hash_algo <built-in function openssl_sha256>
DEB [20210427-15:04:44.582] thr=1   paramiko.transport: Switch to new keys ...
DEB [20210427-15:04:44.583] thr=2   paramiko.transport: Trying SSH key b'5660e51099ccb6dfd20f7495998648f9'
DEB [20210427-15:04:44.621] thr=1   paramiko.transport: userauth is OK
INF [20210427-15:04:44.771] thr=1   paramiko.transport: Authentication (publickey) successful!
DEB [20210427-15:04:44.771] thr=2   paramiko.transport: [chan 0] Max packet in: 32768 bytes
DEB [20210427-15:04:44.787] thr=1   paramiko.transport: Received global request "hostkeys-00@openssh.com"
DEB [20210427-15:04:44.787] thr=1   paramiko.transport: Rejecting "hostkeys-00@openssh.com" global request from server.
DEB [20210427-15:04:44.826] thr=1   paramiko.transport: [chan 0] Max packet out: 32768 bytes
DEB [20210427-15:04:44.826] thr=1   paramiko.transport: Secsh channel 0 opened.
DEB [20210427-15:04:44.828] thr=1   paramiko.transport: [chan 0] Sesch channel 0 request ok
DEB [20210427-15:04:44.830] thr=1   paramiko.transport: [chan 0] Sesch channel 0 request ok
DEB [20210427-15:06:27.622] thr=1   paramiko.transport: [chan 0] EOF received (0)
DEB [20210427-15:06:27.622] thr=2   paramiko.transport: [chan 0] EOF sent (0)
DEB [20210427-15:08:15.717] thr=1   paramiko.transport: starting thread (client mode): 0xfbae5518
DEB [20210427-15:08:15.717] thr=1   paramiko.transport: Local version/idstring: SSH-2.0-paramiko_2.7.2
DEB [20210427-15:08:15.723] thr=1   paramiko.transport: Remote version/idstring: SSH-2.0-OpenSSH_7.4
INF [20210427-15:08:15.723] thr=1   paramiko.transport: Connected (version 2.0, client OpenSSH_7.4)
DEB [20210427-15:08:15.726] thr=1   paramiko.transport: kex algos:['curve25519-sha256', 'curve25519-sha256@libssh.org', 'ecdh-sha2-nistp256', 'ecdh-sha2-nistp384', 'ecdh-sha2-nistp521', 'diffie-hellman-group-exchange-sha256', 'diffie-hellman-group16-sha512', 'diffie-hellman-group18-sha512', 'diffie-hellman-group-exchange-sha1', 'diffie-hellman-group14-sha256', 'diffie-hellman-group14-sha1', 'diffie-hellman-group1-sha1'] server key:['ssh-rsa', 'rsa-sha2-512', 'rsa-sha2-256', 'ecdsa-sha2-nistp256', 'ssh-ed25519'] client encrypt:['aes128-ctr', 'aes192-ctr', 'aes256-ctr', 'aes128-gcm@openssh.com', 'aes256-gcm@openssh.com', 'chacha20-poly1305@openssh.com'] server encrypt:['aes128-ctr', 'aes192-ctr', 'aes256-ctr', 'aes128-gcm@openssh.com', 'aes256-gcm@openssh.com', 'chacha20-poly1305@openssh.com'] client mac:['umac-64-etm@openssh.com', 'umac-128-etm@openssh.com', 'hmac-sha2-256-etm@openssh.com', 'hmac-sha2-512-etm@openssh.com', 'hmac-sha1-etm@openssh.com', 'umac-64@openssh.com', 'umac-128@openssh.com', 'hmac-sha2-256', 'hmac-sha2-512', 'hmac-sha1'] server mac:['umac-64-etm@openssh.com', 'umac-128-etm@openssh.com', 'hmac-sha2-256-etm@openssh.com', 'hmac-sha2-512-etm@openssh.com', 'hmac-sha1-etm@openssh.com', 'umac-64@openssh.com', 'umac-128@openssh.com', 'hmac-sha2-256', 'hmac-sha2-512', 'hmac-sha1'] client compress:['none', 'zlib@openssh.com'] server compress:['none', 'zlib@openssh.com'] client lang:[''] server lang:[''] kex follows?False
DEB [20210427-15:08:15.726] thr=1   paramiko.transport: Kex agreed: curve25519-sha256@libssh.org
DEB [20210427-15:08:15.726] thr=1   paramiko.transport: HostKey agreed: ecdsa-sha2-nistp256
DEB [20210427-15:08:15.726] thr=1   paramiko.transport: Cipher agreed: aes128-ctr
DEB [20210427-15:08:15.726] thr=1   paramiko.transport: MAC agreed: hmac-sha2-256
DEB [20210427-15:08:15.726] thr=1   paramiko.transport: Compression agreed: none
DEB [20210427-15:08:15.732] thr=1   paramiko.transport: kex engine KexCurve25519 specified hash_algo <built-in function openssl_sha256>
DEB [20210427-15:08:15.732] thr=1   paramiko.transport: Switch to new keys ...
DEB [20210427-15:08:15.733] thr=2   paramiko.transport: Trying SSH key b'5660e51099ccb6dfd20f7495998648f9'
DEB [20210427-15:08:15.771] thr=1   paramiko.transport: userauth is OK
INF [20210427-15:08:15.811] thr=1   paramiko.transport: Authentication (publickey) successful!
DEB [20210427-15:08:15.812] thr=2   paramiko.transport: [chan 0] Max packet in: 32768 bytes
DEB [20210427-15:08:15.821] thr=1   paramiko.transport: Received global request "hostkeys-00@openssh.com"
DEB [20210427-15:08:15.821] thr=1   paramiko.transport: Rejecting "hostkeys-00@openssh.com" global request from server.
DEB [20210427-15:08:15.860] thr=1   paramiko.transport: [chan 0] Max packet out: 32768 bytes
DEB [20210427-15:08:15.860] thr=1   paramiko.transport: Secsh channel 0 opened.
DEB [20210427-15:08:15.862] thr=1   paramiko.transport: [chan 0] Sesch channel 0 request ok
DEB [20210427-15:08:15.863] thr=1   paramiko.transport: [chan 0] Sesch channel 0 request ok
DEB [20210427-15:08:36.973] thr=1   paramiko.transport: [chan 0] EOF received (0)
DEB [20210427-15:08:36.973] thr=2   paramiko.transport: [chan 0] EOF sent (0)
DEB [20210427-15:08:39.452] thr=1   paramiko.transport: starting thread (client mode): 0xec0d24a8
DEB [20210427-15:08:39.452] thr=1   paramiko.transport: Local version/idstring: SSH-2.0-paramiko_2.7.2
DEB [20210427-15:08:39.459] thr=1   paramiko.transport: Remote version/idstring: SSH-2.0-OpenSSH_7.4
INF [20210427-15:08:39.459] thr=1   paramiko.transport: Connected (version 2.0, client OpenSSH_7.4)
DEB [20210427-15:08:39.462] thr=1   paramiko.transport: kex algos:['curve25519-sha256', 'curve25519-sha256@libssh.org', 'ecdh-sha2-nistp256', 'ecdh-sha2-nistp384', 'ecdh-sha2-nistp521', 'diffie-hellman-group-exchange-sha256', 'diffie-hellman-group16-sha512', 'diffie-hellman-group18-sha512', 'diffie-hellman-group-exchange-sha1', 'diffie-hellman-group14-sha256', 'diffie-hellman-group14-sha1', 'diffie-hellman-group1-sha1'] server key:['ssh-rsa', 'rsa-sha2-512', 'rsa-sha2-256', 'ecdsa-sha2-nistp256', 'ssh-ed25519'] client encrypt:['aes128-ctr', 'aes192-ctr', 'aes256-ctr', 'aes128-gcm@openssh.com', 'aes256-gcm@openssh.com', 'chacha20-poly1305@openssh.com'] server encrypt:['aes128-ctr', 'aes192-ctr', 'aes256-ctr', 'aes128-gcm@openssh.com', 'aes256-gcm@openssh.com', 'chacha20-poly1305@openssh.com'] client mac:['umac-64-etm@openssh.com', 'umac-128-etm@openssh.com', 'hmac-sha2-256-etm@openssh.com', 'hmac-sha2-512-etm@openssh.com', 'hmac-sha1-etm@openssh.com', 'umac-64@openssh.com', 'umac-128@openssh.com', 'hmac-sha2-256', 'hmac-sha2-512', 'hmac-sha1'] server mac:['umac-64-etm@openssh.com', 'umac-128-etm@openssh.com', 'hmac-sha2-256-etm@openssh.com', 'hmac-sha2-512-etm@openssh.com', 'hmac-sha1-etm@openssh.com', 'umac-64@openssh.com', 'umac-128@openssh.com', 'hmac-sha2-256', 'hmac-sha2-512', 'hmac-sha1'] client compress:['none', 'zlib@openssh.com'] server compress:['none', 'zlib@openssh.com'] client lang:[''] server lang:[''] kex follows?False
DEB [20210427-15:08:39.462] thr=1   paramiko.transport: Kex agreed: curve25519-sha256@libssh.org
DEB [20210427-15:08:39.462] thr=1   paramiko.transport: HostKey agreed: ecdsa-sha2-nistp256
DEB [20210427-15:08:39.462] thr=1   paramiko.transport: Cipher agreed: aes128-ctr
DEB [20210427-15:08:39.462] thr=1   paramiko.transport: MAC agreed: hmac-sha2-256
DEB [20210427-15:08:39.463] thr=1   paramiko.transport: Compression agreed: none
DEB [20210427-15:08:39.469] thr=1   paramiko.transport: kex engine KexCurve25519 specified hash_algo <built-in function openssl_sha256>
DEB [20210427-15:08:39.469] thr=1   paramiko.transport: Switch to new keys ...
DEB [20210427-15:08:39.470] thr=2   paramiko.transport: Trying SSH key b'5660e51099ccb6dfd20f7495998648f9'
DEB [20210427-15:08:39.508] thr=1   paramiko.transport: userauth is OK
INF [20210427-15:08:39.542] thr=1   paramiko.transport: Authentication (publickey) successful!
DEB [20210427-15:08:39.543] thr=2   paramiko.transport: [chan 0] Max packet in: 32768 bytes
DEB [20210427-15:08:39.557] thr=1   paramiko.transport: Received global request "hostkeys-00@openssh.com"
DEB [20210427-15:08:39.557] thr=1   paramiko.transport: Rejecting "hostkeys-00@openssh.com" global request from server.
DEB [20210427-15:08:39.597] thr=1   paramiko.transport: [chan 0] Max packet out: 32768 bytes
DEB [20210427-15:08:39.597] thr=1   paramiko.transport: Secsh channel 0 opened.
DEB [20210427-15:08:39.599] thr=1   paramiko.transport: [chan 0] Sesch channel 0 request ok
DEB [20210427-15:08:39.601] thr=1   paramiko.transport: [chan 0] Sesch channel 0 request ok
DEB [20210427-15:09:03.620] thr=1   paramiko.transport: [chan 0] EOF received (0)
DEB [20210427-15:09:03.620] thr=1   paramiko.transport: [chan 0] EOF sent (0)
DEB [20210427-15:09:03.621] thr=1   paramiko.transport: Dropping user packet because connection is dead.
